#At time x process y state arr w total z remain y wait k
At time 1 process 1 started arr 1 total 2 remain 2 wait 0
At time 3 process 1 finished arr 1 total 2 remain 0 wait 0 TA 2 WTA 1.00
At time 3 process 2 started arr 2 total 6 remain 6 wait 1
At time 5 process 2 stopped arr 2 total 6 remain 4 wait 1
At time 5 process 3 started arr 3 total 4 remain 4 wait 2
At time 7 process 3 stopped arr 3 total 4 remain 2 wait 2
At time 7 process 4 started arr 4 total 1 remain 1 wait 3
At time 8 process 4 finished arr 4 total 1 remain 0 wait 3 TA 4 WTA 4.00
At time 8 process 5 started arr 5 total 9 remain 9 wait 3
At time 10 process 5 stopped arr 5 total 9 remain 7 wait 3
At time 10 process 2 resumed arr 2 total 6 remain 4 wait 6
At time 12 process 2 stopped arr 2 total 6 remain 2 wait 6
At time 12 process 3 resumed arr 3 total 4 remain 2 wait 7
At time 14 process 3 finished arr 3 total 4 remain 0 wait 7 TA 11 WTA 2.75
At time 14 process 6 started arr 6 total 7 remain 7 wait 8
At time 16 process 6 stopped arr 6 total 7 remain 5 wait 8
At time 16 process 7 started arr 7 total 2 remain 2 wait 9
At time 18 process 7 finished arr 7 total 2 remain 0 wait 9 TA 11 WTA 5.50
At time 18 process 5 resumed arr 5 total 9 remain 7 wait 11
At time 20 process 5 stopped arr 5 total 9 remain 5 wait 11
At time 20 process 2 resumed arr 2 total 6 remain 2 wait 14
At time 22 process 2 finished arr 2 total 6 remain 0 wait 14 TA 20 WTA 3.33
At time 22 process 6 resumed arr 6 total 7 remain 5 wait 14
At time 24 process 6 stopped arr 6 total 7 remain 3 wait 14
At time 24 process 5 resumed arr 5 total 9 remain 5 wait 15
At time 26 process 5 stopped arr 5 total 9 remain 3 wait 15
At time 26 process 6 resumed arr 6 total 7 remain 3 wait 16
At time 28 process 6 stopped arr 6 total 7 remain 1 wait 16
At time 28 process 5 resumed arr 5 total 9 remain 3 wait 17
At time 30 process 5 stopped arr 5 total 9 remain 1 wait 17
At time 30 process 6 resumed arr 6 total 7 remain 1 wait 18
At time 31 process 6 finished arr 6 total 7 remain 0 wait 18 TA 25 WTA 3.57
At time 31 process 5 resumed arr 5 total 9 remain 1 wait 18
At time 32 process 5 finished arr 5 total 9 remain 0 wait 18 TA 27 WTA 3.00
